unknown flag: --debug
vale - A command-line linter for prose.

[1mUsage[0m:	[2mvale [options] [input...][0m
	[2mvale myfile.md myfile1.md mydir1[0m
	[2mvale --output=JSON [input...][0m

Vale is a syntax-aware linter for prose built with speed and extensibility in
mind. It supports Markdown, AsciiDoc, reStructuredText, HTML, and more.

To get started, you'll need a configuration file ([2m.vale.ini[0m):

[1mExample[0m:

	[2mMinAlertLevel = suggestion[0m
[2m[0m
[2m	[*][0m
[2m	BasedOnStyles = Vale[0m

See [4mhttps://vale.sh[0m for more setup information.
[1m[0m
[1mFlags:[0m

 [2m--config[0m         A file path ([2m--config='some/file/path/.vale.ini'[0m).    
 [2m--ext[0m            An extension to associate with stdin ([2m--ext=.md[0m).     
 [2m--filter[0m         An expression to filter rules by.                     
 [2m--glob[0m           A glob pattern ([2m--glob='*.{md,txt}.'[0m)                 
 [2m-h[0m, [2m--help[0m       Print this help message.                              
 [2m--ignore-syntax[0m  Lint all files line-by-line.                          
 [2m--minAlertLevel[0m  The minimum level to display ([2m--minAlertLevel=error[0m). 
 [2m--no-exit[0m        Don't return a nonzero exit code on errors.           
 [2m--no-global[0m      Don't load the global configuration.                  
 [2m--no-wrap[0m        Don't wrap CLI output.                                
 [2m--output[0m         An output style ("line", "JSON", or a template file). 
 [2m-v[0m, [2m--version[0m    Print the current version.                            

[1mCommands:[0m

 [2mls-config[0m        Print the current configuration to stdout.             
 [2mls-dirs[0m          Print the default configuration directories to stdout. 
 [2mls-metrics[0m       Print the given file's internal metrics to stdout.     
 [2mls-vars[0m          Print the supported environment variables to stdout.   
 [2msync[0m             Download and install external configuration sources.   

